#
# There is insufficient memory for the Java Runtime Environment to continue.
# Native memory allocation (malloc) failed to allocate 1720736 bytes for Chunk::new
# Possible reasons:
#   The system is out of physical RAM or swap space
#   In 32 bit mode, the process size limit was hit
# Possible solutions:
#   Reduce memory load on the system
#   Increase physical memory or swap space
#   Check if swap backing store is full
#   Use 64 bit Java on a 64 bit OS
#   Decrease Java heap size (-Xmx/-Xms)
#   Decrease number of Java threads
#   Decrease Java thread stack sizes (-Xss)
#   Set larger code cache with -XX:ReservedCodeCacheSize=
# This output file may be truncated or incomplete.
#
#  Out of Memory Error (allocation.cpp:390), pid=8240, tid=11604
#
# JRE version: Java(TM) SE Runtime Environment (8.0_25-b18) (build 1.8.0_25-b18)
# Java VM: Java HotSpot(TM) 64-Bit Server VM (25.25-b02 mixed mode windows-amd64 compressed oops)
# Failed to write core dump. Minidumps are not enabled by default on client versions of Windows
#

---------------  T H R E A D  ---------------

Current thread (0x0000000056791800):  JavaThread "C2 CompilerThread1" daemon [_thread_in_native, id=11604, stack(0x0000000058980000,0x0000000058a80000)]

Stack: [0x0000000058980000,0x0000000058a80000]
Native frames: (J=compiled Java code, j=interpreted, Vv=VM code, C=native code)
V  [jvm.dll+0x31667a]
V  [jvm.dll+0x267073]
V  [jvm.dll+0x267cb3]
V  [jvm.dll+0x25f5b5]
V  [jvm.dll+0xbf165]
V  [jvm.dll+0xbf60c]
V  [jvm.dll+0x45d672]
V  [jvm.dll+0x49e8ef]
V  [jvm.dll+0x452b41]
V  [jvm.dll+0x453864]
V  [jvm.dll+0x437372]
V  [jvm.dll+0x98a02]
V  [jvm.dll+0x991f3]
V  [jvm.dll+0x22bde4]
V  [jvm.dll+0x2852fa]
C  [msvcr100.dll+0x21d9f]
C  [msvcr100.dll+0x21e3b]
C  [kernel32.dll+0x1652d]
C  [ntdll.dll+0x2c521]


Current CompileTask:
C2: 853205 7337       4       java.lang.Class::getMethod (64 bytes)


---------------  P R O C E S S  ---------------

Java Threads: ( => current thread )
  0x000000006108f000 JavaThread "Daemon worker Thread 2" [_thread_blocked, id=11688, stack(0x000000005b360000,0x000000005b460000)]
  0x000000006108d800 JavaThread "Daemon Thread 2" [_thread_blocked, id=7648, stack(0x0000000058eb0000,0x0000000058fb0000)]
  0x000000005c87e800 JavaThread "File lock request listener" [_thread_in_native, id=7176, stack(0x000000005f220000,0x000000005f320000)]
  0x000000005a972800 JavaThread "Incoming local TCP Connector on port 65238" [_thread_in_native, id=11524, stack(0x0000000059d40000,0x0000000059e40000)]
  0x000000005681c000 JavaThread "Service Thread" daemon [_thread_blocked, id=8348, stack(0x0000000058d70000,0x0000000058e70000)]
  0x00000000567b1000 JavaThread "C1 CompilerThread3" daemon [_thread_blocked, id=10300, stack(0x0000000057f20000,0x0000000058020000)]
  0x0000000056798000 JavaThread "C2 CompilerThread2" daemon [_thread_blocked, id=4176, stack(0x0000000058b10000,0x0000000058c10000)]
=>0x0000000056791800 JavaThread "C2 CompilerThread1" daemon [_thread_in_native, id=11604, stack(0x0000000058980000,0x0000000058a80000)]
  0x0000000056786000 JavaThread "C2 CompilerThread0" daemon [_thread_in_native, id=12228, stack(0x0000000057c80000,0x0000000057d80000)]
  0x00000000557ef800 JavaThread "Attach Listener" daemon [_thread_blocked, id=9924, stack(0x0000000057dd0000,0x0000000057ed0000)]
  0x00000000557ee000 JavaThread "Signal Dispatcher" daemon [_thread_blocked, id=6632, stack(0x0000000057b80000,0x0000000057c80000)]
  0x000000000218e800 JavaThread "Finalizer" daemon [_thread_blocked, id=8808, stack(0x00000000578c0000,0x00000000579c0000)]
  0x00000000557d3800 JavaThread "Reference Handler" daemon [_thread_blocked, id=12092, stack(0x00000000579d0000,0x0000000057ad0000)]
  0x00000000020f8000 JavaThread "main" [_thread_blocked, id=11352, stack(0x0000000002460000,0x0000000002560000)]

Other Threads:
  0x000000000218b800 VMThread [stack: 0x00000000577b0000,0x00000000578b0000] [id=5080]
  0x0000000056825000 WatcherThread [stack: 0x0000000058fb0000,0x00000000590b0000] [id=11804]

VM state:not at safepoint (normal execution)

VM Mutex/Monitor currently owned by a thread: None

Heap:
 PSYoungGen      total 314880K, used 99781K [0x00000000eab00000, 0x0000000100000000, 0x0000000100000000)
  eden space 293888K, 33% used [0x00000000eab00000,0x00000000f0c71768,0x00000000fca00000)
  from space 20992K, 0% used [0x00000000feb80000,0x00000000feb80000,0x0000000100000000)
  to   space 27648K, 0% used [0x00000000fca00000,0x00000000fca00000,0x00000000fe500000)
 ParOldGen       total 70144K, used 56380K [0x00000000c0000000, 0x00000000c4480000, 0x00000000eab00000)
  object space 70144K, 80% used [0x00000000c0000000,0x00000000c370f120,0x00000000c4480000)
 Metaspace       used 51938K, capacity 55316K, committed 55424K, reserved 1095680K
  class space    used 7212K, capacity 8259K, committed 8320K, reserved 1048576K

Card table byte_map: [0x0000000011bf0000,0x0000000011e00000] byte_map_base: 0x00000000115f0000

Marking Bits: (ParMarkBitMap*) 0x000000005880d490
 Begin Bits: [0x0000000012bf0000, 0x0000000013bf0000)
 End Bits:   [0x0000000013bf0000, 0x0000000014bf0000)

Polling page: 0x0000000000240000

CodeCache: size=245760Kb used=24098Kb max_used=24116Kb free=221661Kb
 bounds [0x0000000002830000, 0x0000000003fe0000, 0x0000000011830000]
 total_blobs=7151 nmethods=6456 adapters=607
 compilation: enabled

Compilation events (10 events):
Event: 852.776 Thread 0x00000000567b1000 nmethod 7411 0x0000000003fc0190 code [0x0000000003fc02e0, 0x0000000003fc0450]
Event: 852.785 Thread 0x00000000567b1000 7413       3       java.util.concurrent.ConcurrentLinkedQueue::offer (115 bytes)
Event: 852.786 Thread 0x00000000567b1000 nmethod 7413 0x0000000003fc04d0 code [0x0000000003fc0680, 0x0000000003fc0e08]
Event: 852.786 Thread 0x00000000567b1000 7412       3       java.util.concurrent.ConcurrentLinkedQueue::add (6 bytes)
Event: 852.786 Thread 0x00000000567b1000 nmethod 7412 0x0000000003fc10d0 code [0x0000000003fc1240, 0x0000000003fc13e8]
Event: 852.787 Thread 0x0000000056798000 7414       4       java.lang.AbstractStringBuilder::append (54 bytes)
Event: 852.801 Thread 0x0000000056798000 nmethod 7414 0x0000000003fc4f50 code [0x0000000003fc5100, 0x0000000003fc5f78]
Event: 852.801 Thread 0x0000000056798000 7415       4       java.lang.String::valueOf (14 bytes)
Event: 852.802 Thread 0x0000000056798000 nmethod 7415 0x0000000003f74c50 code [0x0000000003f74d80, 0x0000000003f74df8]
Event: 852.816 Thread 0x0000000056786000 nmethod 7370 0x0000000003fcb950 code [0x0000000003fcbe20, 0x0000000003fcf1e0]

GC Heap History (10 events):
Event: 42.362 GC heap before
{Heap before GC invocations=10 (full 2):
 PSYoungGen      total 327168K, used 12898K [0x00000000eab00000, 0x0000000100000000, 0x0000000100000000)
  eden space 307200K, 0% used [0x00000000eab00000,0x00000000eab00000,0x00000000fd700000)
  from space 19968K, 64% used [0x00000000fec80000,0x00000000ff918aa0,0x0000000100000000)
  to   space 20992K, 0% used [0x00000000fd700000,0x00000000fd700000,0x00000000feb80000)
 ParOldGen       total 58880K, used 20704K [0x00000000c0000000, 0x00000000c3980000, 0x00000000eab00000)
  object space 58880K, 35% used [0x00000000c0000000,0x00000000c1438000,0x00000000c3980000)
 Metaspace       used 34378K, capacity 35470K, committed 35496K, reserved 1079296K
  class space    used 4618K, capacity 5106K, committed 5120K, reserved 1048576K
Event: 42.504 GC heap after
Heap after GC invocations=10 (full 2):
 PSYoungGen      total 327168K, used 0K [0x00000000eab00000, 0x0000000100000000, 0x0000000100000000)
  eden space 307200K, 0% used [0x00000000eab00000,0x00000000eab00000,0x00000000fd700000)
  from space 19968K, 0% used [0x00000000fec80000,0x00000000fec80000,0x0000000100000000)
  to   space 20992K, 0% used [0x00000000fd700000,0x00000000fd700000,0x00000000feb80000)
 ParOldGen       total 70144K, used 20175K [0x00000000c0000000, 0x00000000c4480000, 0x00000000eab00000)
  object space 70144K, 28% used [0x00000000c0000000,0x00000000c13b3df8,0x00000000c4480000)
 Metaspace       used 34344K, capacity 35356K, committed 35496K, reserved 1079296K
  class space    used 4612K, capacity 5072K, committed 5120K, reserved 1048576K
}
Event: 46.954 GC heap before
{Heap before GC invocations=11 (full 2):
 PSYoungGen      total 327168K, used 257449K [0x00000000eab00000, 0x0000000100000000, 0x0000000100000000)
  eden space 307200K, 83% used [0x00000000eab00000,0x00000000fa66a560,0x00000000fd700000)
  from space 19968K, 0% used [0x00000000fec80000,0x00000000fec80000,0x0000000100000000)
  to   space 20992K, 0% used [0x00000000fd700000,0x00000000fd700000,0x00000000feb80000)
 ParOldGen       total 70144K, used 20175K [0x00000000c0000000, 0x00000000c4480000, 0x00000000eab00000)
  object space 70144K, 28% used [0x00000000c0000000,0x00000000c13b3df8,0x00000000c4480000)
 Metaspace       used 42596K, capacity 44638K, committed 44928K, reserved 1087488K
  class space    used 5935K, capacity 6659K, committed 6784K, reserved 1048576K
Event: 46.996 GC heap after
Heap after GC invocations=11 (full 2):
 PSYoungGen      total 328192K, used 20985K [0x00000000eab00000, 0x0000000100000000, 0x0000000100000000)
  eden space 307200K, 0% used [0x00000000eab00000,0x00000000eab00000,0x00000000fd700000)
  from space 20992K, 99% used [0x00000000fd700000,0x00000000feb7e518,0x00000000feb80000)
  to   space 20992K, 0% used [0x00000000feb80000,0x00000000feb80000,0x0000000100000000)
 ParOldGen       total 70144K, used 29294K [0x00000000c0000000, 0x00000000c4480000, 0x00000000eab00000)
  object space 70144K, 41% used [0x00000000c0000000,0x00000000c1c9bbd8,0x00000000c4480000)
 Metaspace       used 42596K, capacity 44638K, committed 44928K, reserved 1087488K
  class space    used 5935K, capacity 6659K, committed 6784K, reserved 1048576K
}
Event: 46.996 GC heap before
{Heap before GC invocations=12 (full 3):
 PSYoungGen      total 328192K, used 20985K [0x00000000eab00000, 0x0000000100000000, 0x0000000100000000)
  eden space 307200K, 0% used [0x00000000eab00000,0x00000000eab00000,0x00000000fd700000)
  from space 20992K, 99% used [0x00000000fd700000,0x00000000feb7e518,0x00000000feb80000)
  to   space 20992K, 0% used [0x00000000feb80000,0x00000000feb80000,0x0000000100000000)
 ParOldGen       total 70144K, used 29294K [0x00000000c0000000, 0x00000000c4480000, 0x00000000eab00000)
  object space 70144K, 41% used [0x00000000c0000000,0x00000000c1c9bbd8,0x00000000c4480000)
 Metaspace       used 42596K, capacity 44638K, committed 44928K, reserved 1087488K
  class space    used 5935K, capacity 6659K, committed 6784K, reserved 1048576K
Event: 47.355 GC heap after
Heap after GC invocations=12 (full 3):
 PSYoungGen      total 328192K, used 0K [0x00000000eab00000, 0x0000000100000000, 0x0000000100000000)
  eden space 307200K, 0% used [0x00000000eab00000,0x00000000eab00000,0x00000000fd700000)
  from space 20992K, 0% used [0x00000000fd700000,0x00000000fd700000,0x00000000feb80000)
  to   space 20992K, 0% used [0x00000000feb80000,0x00000000feb80000,0x0000000100000000)
 ParOldGen       total 70144K, used 49230K [0x00000000c0000000, 0x00000000c4480000, 0x00000000eab00000)
  object space 70144K, 70% used [0x00000000c0000000,0x00000000c3013a10,0x00000000c4480000)
 Metaspace       used 42596K, capacity 44638K, committed 44928K, reserved 1087488K
  class space    used 5935K, capacity 6659K, committed 6784K, reserved 1048576K
}
Event: 821.290 GC heap before
{Heap before GC invocations=13 (full 3):
 PSYoungGen      total 328192K, used 273839K [0x00000000eab00000, 0x0000000100000000, 0x0000000100000000)
  eden space 307200K, 89% used [0x00000000eab00000,0x00000000fb66bcf0,0x00000000fd700000)
  from space 20992K, 0% used [0x00000000fd700000,0x00000000fd700000,0x00000000feb80000)
  to   space 20992K, 0% used [0x00000000feb80000,0x00000000feb80000,0x0000000100000000)
 ParOldGen       total 70144K, used 49230K [0x00000000c0000000, 0x00000000c4480000, 0x00000000eab00000)
  object space 70144K, 70% used [0x00000000c0000000,0x00000000c3013a10,0x00000000c4480000)
 Metaspace       used 51359K, capacity 54358K, committed 54528K, reserved 1095680K
  class space    used 7142K, capacity 8127K, committed 8192K, reserved 1048576K
Event: 821.301 GC heap after
Heap after GC invocations=13 (full 3):
 PSYoungGen      total 314880K, used 11813K [0x00000000eab00000, 0x0000000100000000, 0x0000000100000000)
  eden space 293888K, 0% used [0x00000000eab00000,0x00000000eab00000,0x00000000fca00000)
  from space 20992K, 56% used [0x00000000feb80000,0x00000000ff7095f8,0x0000000100000000)
  to   space 27648K, 0% used [0x00000000fca00000,0x00000000fca00000,0x00000000fe500000)
 ParOldGen       total 70144K, used 49238K [0x00000000c0000000, 0x00000000c4480000, 0x00000000eab00000)
  object space 70144K, 70% used [0x00000000c0000000,0x00000000c3015a10,0x00000000c4480000)
 Metaspace       used 51359K, capacity 54358K, committed 54528K, reserved 1095680K
  class space    used 7142K, capacity 8127K, committed 8192K, reserved 1048576K
}
Event: 821.301 GC heap before
{Heap before GC invocations=14 (full 4):
 PSYoungGen      total 314880K, used 11813K [0x00000000eab00000, 0x0000000100000000, 0x0000000100000000)
  eden space 293888K, 0% used [0x00000000eab00000,0x00000000eab00000,0x00000000fca00000)
  from space 20992K, 56% used [0x00000000feb80000,0x00000000ff7095f8,0x0000000100000000)
  to   space 27648K, 0% used [0x00000000fca00000,0x00000000fca00000,0x00000000fe500000)
 ParOldGen       total 70144K, used 49238K [0x00000000c0000000, 0x00000000c4480000, 0x00000000eab00000)
  object space 70144K, 70% used [0x00000000c0000000,0x00000000c3015a10,0x00000000c4480000)
 Metaspace       used 51359K, capacity 54358K, committed 54528K, reserved 1095680K
  class space    used 7142K, capacity 8127K, committed 8192K, reserved 1048576K
Event: 821.663 GC heap after
Heap after GC invocations=14 (full 4):
 PSYoungGen      total 314880K, used 0K [0x00000000eab00000, 0x0000000100000000, 0x0000000100000000)
  eden space 293888K, 0% used [0x00000000eab00000,0x00000000eab00000,0x00000000fca00000)
  from space 20992K, 0% used [0x00000000feb80000,0x00000000feb80000,0x0000000100000000)
  to   space 27648K, 0% used [0x00000000fca00000,0x00000000fca00000,0x00000000fe500000)
 ParOldGen       total 70144K, used 56380K [0x00000000c0000000, 0x00000000c4480000, 0x00000000eab00000)
  object space 70144K, 80% used [0x00000000c0000000,0x00000000c370f120,0x00000000c4480000)
 Metaspace       used 51359K, capacity 54358K, committed 54528K, reserved 1095680K
  class space    used 7142K, capacity 8127K, committed 8192K, reserved 1048576K
}

Deoptimization events (10 events):
Event: 816.838 Thread 0x000000006108f000 Uncommon trap: reason=speculate_class_check action=maybe_recompile pc=0x0000000002d24604 method=com.sun.org.apache.xerces.internal.dom.ParentNode.getChildNodes()Lorg/w3c/dom/NodeList; @ 8
Event: 820.254 Thread 0x000000006108f000 Uncommon trap: reason=unreached action=reinterpret pc=0x0000000002f16544 method=java.io.File.equals(Ljava/lang/Object;)Z @ 1
Event: 820.359 Thread 0x000000006108f000 Uncommon trap: reason=predicate action=maybe_recompile pc=0x0000000003c4ca34 method=java.util.ComparableTimSort.binarySort([Ljava/lang/Object;III)V @ 37
Event: 820.553 Thread 0x000000006108f000 Uncommon trap: reason=class_check action=maybe_recompile pc=0x0000000003cb1ce0 method=com.sun.tools.javac.util.List.prependList(Lcom/sun/tools/javac/util/List;)Lcom/sun/tools/javac/util/List; @ 1
Event: 820.629 Thread 0x000000006108f000 Uncommon trap: reason=class_check action=maybe_recompile pc=0x0000000003cb1ce0 method=com.sun.tools.javac.util.List.prependList(Lcom/sun/tools/javac/util/List;)Lcom/sun/tools/javac/util/List; @ 1
Event: 820.629 Thread 0x000000006108f000 Uncommon trap: reason=class_check action=maybe_recompile pc=0x0000000003cb1ce0 method=com.sun.tools.javac.util.List.prependList(Lcom/sun/tools/javac/util/List;)Lcom/sun/tools/javac/util/List; @ 1
Event: 820.629 Thread 0x000000006108f000 Uncommon trap: reason=class_check action=maybe_recompile pc=0x0000000003cb1ce0 method=com.sun.tools.javac.util.List.prependList(Lcom/sun/tools/javac/util/List;)Lcom/sun/tools/javac/util/List; @ 1
Event: 820.764 Thread 0x000000006108f000 Uncommon trap: reason=unloaded action=reinterpret pc=0x0000000003cbe390 method=com.sun.tools.javac.jvm.ClassReader.readPool(I)Ljava/lang/Object; @ 413
Event: 820.787 Thread 0x000000006108f000 Uncommon trap: reason=unreached action=reinterpret pc=0x0000000003d3e748 method=com.sun.tools.javac.code.Scope.lookup(Lcom/sun/tools/javac/util/Name;Lcom/sun/tools/javac/util/Filter;)Lcom/sun/tools/javac/code/Scope$Entry; @ 19
Event: 821.671 Thread 0x000000006108d800 Uncommon trap: reason=unreached action=reinterpret pc=0x00000000036e2850 method=org.gradle.messaging.remote.internal.Message$ExceptionReplacingObjectOutputStream.replaceObject(Ljava/lang/Object;)Ljava/lang/Object; @ 4

Internal exceptions (10 events):
Event: 852.046 Thread 0x000000006108f000 Exception <a 'java/security/PrivilegedActionException'> (0x00000000ebd71110) thrown at [D:\re\workspace\8-2-build-windows-amd64-cygwin\jdk8u25\1677\hotspot\src\share\vm\prims\jvm.cpp, line 1312]
Event: 852.046 Thread 0x000000006108f000 Exception <a 'java/security/PrivilegedActionException'> (0x00000000ebd7a4c0) thrown at [D:\re\workspace\8-2-build-windows-amd64-cygwin\jdk8u25\1677\hotspot\src\share\vm\prims\jvm.cpp, line 1312]
Event: 852.047 Thread 0x000000006108f000 Exception <a 'java/security/PrivilegedActionException'> (0x00000000ebd7d0b8) thrown at [D:\re\workspace\8-2-build-windows-amd64-cygwin\jdk8u25\1677\hotspot\src\share\vm\prims\jvm.cpp, line 1312]
Event: 852.047 Thread 0x000000006108f000 Exception <a 'java/security/PrivilegedActionException'> (0x00000000ebd82bd8) thrown at [D:\re\workspace\8-2-build-windows-amd64-cygwin\jdk8u25\1677\hotspot\src\share\vm\prims\jvm.cpp, line 1312]
Event: 852.047 Thread 0x000000006108f000 Exception <a 'java/security/PrivilegedActionException'> (0x00000000ebd84408) thrown at [D:\re\workspace\8-2-build-windows-amd64-cygwin\jdk8u25\1677\hotspot\src\share\vm\prims\jvm.cpp, line 1312]
Event: 852.047 Thread 0x000000006108f000 Exception <a 'java/security/PrivilegedActionException'> (0x00000000ebd8e3d0) thrown at [D:\re\workspace\8-2-build-windows-amd64-cygwin\jdk8u25\1677\hotspot\src\share\vm\prims\jvm.cpp, line 1312]
Event: 852.786 Thread 0x000000006108f000 Exception <a 'java/security/PrivilegedActionException'> (0x00000000f05e0ad8) thrown at [D:\re\workspace\8-2-build-windows-amd64-cygwin\jdk8u25\1677\hotspot\src\share\vm\prims\jvm.cpp, line 1312]
Event: 852.786 Thread 0x000000006108f000 Exception <a 'java/security/PrivilegedActionException'> (0x00000000f05e1998) thrown at [D:\re\workspace\8-2-build-windows-amd64-cygwin\jdk8u25\1677\hotspot\src\share\vm\prims\jvm.cpp, line 1312]
Event: 852.787 Thread 0x000000006108f000 Exception <a 'java/security/PrivilegedActionException'> (0x00000000f05ecbf8) thrown at [D:\re\workspace\8-2-build-windows-amd64-cygwin\jdk8u25\1677\hotspot\src\share\vm\prims\jvm.cpp, line 1312]
Event: 852.787 Thread 0x000000006108f000 Exception <a 'java/security/PrivilegedActionException'> (0x00000000f05edba0) thrown at [D:\re\workspace\8-2-build-windows-amd64-cygwin\jdk8u25\1677\hotspot\src\share\vm\prims\jvm.cpp, line 1312]

Events (10 events):
Event: 852.793 Executing VM operation: RevokeBias
Event: 852.793 Executing VM operation: RevokeBias done
Event: 852.793 Thread 0x0000000061092000 Thread exited: 0x0000000061092000
Event: 852.793 Thread 0x0000000061092800 Thread added: 0x0000000061092800
Event: 852.793 Thread 0x0000000061092000 Thread added: 0x0000000061092000
Event: 852.793 Executing VM operation: RevokeBias
Event: 852.793 Thread 0x0000000061094800 Thread added: 0x0000000061094800
Event: 852.793 Executing VM operation: RevokeBias done
Event: 852.869 Executing VM operation: RevokeBias
Event: 852.870 Executing VM operation: RevokeBias done


Dynamic libraries:
0x000000013f310000 - 0x000000013f344000 	C:\Program Files\Java\jdk1.8.0_25\bin\java.exe
0x00000000775d0000 - 0x0000000077779000 	C:\Windows\SYSTEM32\ntdll.dll
0x00000000773b0000 - 0x00000000774cf000 	C:\Windows\system32\kernel32.dll
0x000007fefd800000 - 0x000007fefd86b000 	C:\Windows\system32\KERNELBASE.dll
0x000007fefe050000 - 0x000007fefe12b000 	C:\Windows\system32\ADVAPI32.dll
0x000007feff5e0000 - 0x000007feff67f000 	C:\Windows\system32\msvcrt.dll
0x000007fefdb10000 - 0x000007fefdb2f000 	C:\Windows\SYSTEM32\sechost.dll
0x000007fefdca0000 - 0x000007fefddcd000 	C:\Windows\system32\RPCRT4.dll
0x00000000774d0000 - 0x00000000775ca000 	C:\Windows\system32\USER32.dll
0x000007fefd8f0000 - 0x000007fefd957000 	C:\Windows\system32\GDI32.dll
0x000007fefe130000 - 0x000007fefe13e000 	C:\Windows\system32\LPK.dll
0x000007feff1d0000 - 0x000007feff299000 	C:\Windows\system32\USP10.dll
0x000007fefc140000 - 0x000007fefc334000 	C:\Windows\WinSxS\amd64_microsoft.windows.common-controls_6595b64144ccf1df_6.0.7601.17514_none_fa396087175ac9ac\COMCTL32.dll
0x000007fefdc20000 - 0x000007fefdc91000 	C:\Windows\system32\SHLWAPI.dll
0x000007fefd9c0000 - 0x000007fefd9ee000 	C:\Windows\system32\IMM32.DLL
0x000007fefd9f0000 - 0x000007fefdaf9000 	C:\Windows\system32\MSCTF.dll
0x0000000059c50000 - 0x0000000059d22000 	C:\Program Files\Java\jdk1.8.0_25\jre\bin\msvcr100.dll
0x0000000058030000 - 0x000000005888a000 	C:\Program Files\Java\jdk1.8.0_25\jre\bin\server\jvm.dll
0x000007feee2a0000 - 0x000007feee2a9000 	C:\Windows\system32\WSOCK32.dll
0x000007fefdbd0000 - 0x000007fefdc1d000 	C:\Windows\system32\WS2_32.dll
0x000007fefdb00000 - 0x000007fefdb08000 	C:\Windows\system32\NSI.dll
0x000007fefb0e0000 - 0x000007fefb11b000 	C:\Windows\system32\WINMM.dll
0x0000000077790000 - 0x0000000077797000 	C:\Windows\system32\PSAPI.DLL
0x000000006a230000 - 0x000000006a23f000 	C:\Program Files\Java\jdk1.8.0_25\jre\bin\verify.dll
0x000000005a2e0000 - 0x000000005a308000 	C:\Program Files\Java\jdk1.8.0_25\jre\bin\java.dll
0x000000005a2c0000 - 0x000000005a2d6000 	C:\Program Files\Java\jdk1.8.0_25\jre\bin\zip.dll
0x000007fefe140000 - 0x000007fefeec8000 	C:\Windows\system32\SHELL32.dll
0x000007feff3d0000 - 0x000007feff5d3000 	C:\Windows\system32\ole32.dll
0x000007fefd520000 - 0x000007fefd52f000 	C:\Windows\system32\profapi.dll
0x000000005a2a0000 - 0x000000005a2ba000 	C:\Program Files\Java\jdk1.8.0_25\jre\bin\net.dll
0x000007fefcd50000 - 0x000007fefcda5000 	C:\Windows\system32\mswsock.dll
0x000007fefcd40000 - 0x000007fefcd47000 	C:\Windows\System32\wship6.dll
0x000000005a280000 - 0x000000005a291000 	C:\Program Files\Java\jdk1.8.0_25\jre\bin\nio.dll
0x000007fed7a60000 - 0x000007fed7a72000 	C:\Users\DAX95\.gradle\native\19\windows-amd64\native-platform.dll
0x000007fefafb0000 - 0x000007fefafd7000 	C:\Windows\system32\IPHLPAPI.DLL
0x000007fefafa0000 - 0x000007fefafab000 	C:\Windows\system32\WINNSI.DLL
0x000007fefadf0000 - 0x000007fefae08000 	C:\Windows\system32\dhcpcsvc.DLL
0x000007fefac30000 - 0x000007fefac41000 	C:\Windows\system32\dhcpcsvc6.DLL
0x000007fefcdb0000 - 0x000007fefcdc7000 	C:\Windows\system32\CRYPTSP.dll
0x000007fefcab0000 - 0x000007fefcaf7000 	C:\Windows\system32\rsaenh.dll
0x000007fefc870000 - 0x000007fefc88e000 	C:\Windows\system32\USERENV.dll
0x000007fefd410000 - 0x000007fefd41f000 	C:\Windows\system32\CRYPTBASE.dll
0x000007fefd3b0000 - 0x000007fefd407000 	C:\Windows\system32\apphelp.dll
0x0000000066e70000 - 0x0000000066e7d000 	C:\Program Files\Java\jdk1.8.0_25\jre\bin\management.dll
0x000007fef5240000 - 0x000007fef5365000 	C:\Windows\system32\dbghelp.dll

VM Arguments:
jvm_args: -XX:MaxPermSize=256m -XX:+HeapDumpOnOutOfMemoryError -Xmx1024m -Dfile.encoding=windows-1250 -Duser.country=HU -Duser.language=hu -Duser.variant 
java_command: org.gradle.launcher.daemon.bootstrap.GradleDaemon 2.4 C:\Users\DAX95\.gradle C:\Users\DAX95\.gradle\daemon 10800000 501cb0e2-00dc-4472-a640-94e242e52796 -XX:MaxPermSize=256m -XX:+HeapDumpOnOutOfMemoryError -Xmx1024m -Dfile.encoding=windows-1250 -Duser.country=HU -Duser.language=hu -Duser.variant
java_class_path (initial): C:\Program Files\Android\Android Studio\gradle\gradle-2.4\lib\gradle-launcher-2.4.jar
Launcher Type: SUN_STANDARD

Environment Variables:
JAVA_HOME=C:\Program Files\Java\jdk1.8.0_25
PATH=C:\Program Files\Java\jdk1.8.0_25\bin;C:\ProgramData\Oracle\Java\javapath;C:\Program Files (x86)\Intel\iCLS Client\;C:\Program Files\Intel\iCLS Client\;C:\Windows\system32;C:\Windows;C:\Windows\System32\Wbem;C:\Windows\System32\WindowsPowerShell\v1.0\;C:\Program Files\Intel\Intel(R) Management Engine Components\DAL;C:\Program Files\Intel\Intel(R) Management Engine Components\IPT;C:\Program Files (x86)\Intel\Intel(R) Management Engine Components\DAL;C:\Program Files (x86)\Intel\Intel(R) Management Engine Components\IPT;C:\Program Files (x86)\ATI Technologies\ATI.ACE\Core-Static;C:\FPC\2.6.4\bin\i386-Win32;C:\Program Files\Google\Cloud SDK\google-cloud-sdk\bin;C:\Program Files (x86)\IVI Foundation\VISA\WinNT\Bin;C:\Program Files (x86)\IVI Foundation\VISA\WinNT\Bin\;C:\Program Files\IVI Foundation\VISA\Win64\Bin\;C:\Program Files (x86)\Windows Kits\8.1\Windows Performance Toolkit\;C:\Program Files\Microsoft SQL Server\110\Tools\Binn\;C:\Program Files (x86)\Microsoft SDKs\TypeScript\1.0\;C:\Program Files\Microsoft SQL Server\120\Tools\Binn\;C:\Program Files (x86)\QuickTime\QTSystem\;C:\Program Files (x86)\Livestreamer;C:\Program Files (x86)\Skype\Phone\
USERNAME=DAX95
OS=Windows_NT
PROCESSOR_IDENTIFIER=Intel64 Family 6 Model 60 Stepping 3, GenuineIntel



---------------  S Y S T E M  ---------------

OS: Windows 7 , 64 bit Build 7601 Service Pack 1

CPU:total 8 (4 cores per cpu, 2 threads per core) family 6 model 60 stepping 3, cmov, cx8, fxsr, mmx, sse, sse2, sse3, ssse3, sse4.1, sse4.2, popcnt, avx, avx2, aes, clmul, erms, lzcnt, ht, tsc, tscinvbit, bmi1, bmi2

Memory: 4k page, physical 8302956k(433256k free), swap 9481668k(187564k free)

vm_info: Java HotSpot(TM) 64-Bit Server VM (25.25-b02) for windows-amd64 JRE (1.8.0_25-b18), built on Oct  7 2014 14:25:37 by "java_re" with MS VC++ 10.0 (VS2010)

time: Fri Oct 09 19:10:30 2015
elapsed time: 852 seconds (0d 0h 14m 12s)

